<?xml version="1.0" encoding="UTF-8"?>
<testng-results skipped="0" failed="2" total="5" passed="3">
  <reporter-output>
  </reporter-output>
  <suite name="Default suite" duration-ms="390526" started-at="2019-12-05T07:08:00Z" finished-at="2019-12-05T07:14:30Z">
    <groups>
    </groups>
    <test name="Default test" duration-ms="390526" started-at="2019-12-05T07:08:00Z" finished-at="2019-12-05T07:14:30Z">
      <class name="SalesForce_Automation.SFDCTest">
        <test-method status="PASS" signature="reporting()[pri:0, instance:SalesForce_Automation.SFDCTest@11531931]" name="reporting" is-config="true" duration-ms="125" started-at="2019-12-04T23:08:00Z" finished-at="2019-12-04T23:08:00Z">
          <reporter-output>
          </reporter-output>
        </test-method> <!-- reporting -->
        <test-method status="PASS" signature="setForChromeDriverLaunchBrowser()[pri:0, instance:SalesForce_Automation.SFDCTest@11531931]" name="setForChromeDriverLaunchBrowser" is-config="true" duration-ms="58530" started-at="2019-12-04T23:08:00Z" finished-at="2019-12-04T23:08:58Z">
          <reporter-output>
          </reporter-output>
        </test-method> <!-- setForChromeDriverLaunchBrowser -->
        <test-method status="PASS" signature="TC01_Login_Error_Message_1()[pri:0, instance:SalesForce_Automation.SFDCTest@11531931]" name="TC01_Login_Error_Message_1" duration-ms="696" started-at="2019-12-04T23:08:58Z" finished-at="2019-12-04T23:08:59Z">
          <reporter-output>
          </reporter-output>
        </test-method> <!-- TC01_Login_Error_Message_1 -->
        <test-method status="PASS" signature="TearDown()[pri:0, instance:SalesForce_Automation.SFDCTest@11531931]" name="TearDown" is-config="true" duration-ms="3629" started-at="2019-12-04T23:08:59Z" finished-at="2019-12-04T23:09:03Z">
          <reporter-output>
          </reporter-output>
        </test-method> <!-- TearDown -->
        <test-method status="PASS" signature="setForChromeDriverLaunchBrowser()[pri:0, instance:SalesForce_Automation.SFDCTest@11531931]" name="setForChromeDriverLaunchBrowser" is-config="true" duration-ms="57035" started-at="2019-12-04T23:09:03Z" finished-at="2019-12-04T23:10:00Z">
          <reporter-output>
          </reporter-output>
        </test-method> <!-- setForChromeDriverLaunchBrowser -->
        <test-method status="PASS" signature="TC02_Login_To_SalesForce()[pri:0, instance:SalesForce_Automation.SFDCTest@11531931]" name="TC02_Login_To_SalesForce" duration-ms="4408" started-at="2019-12-04T23:10:00Z" finished-at="2019-12-04T23:10:04Z">
          <reporter-output>
          </reporter-output>
        </test-method> <!-- TC02_Login_To_SalesForce -->
        <test-method status="PASS" signature="TearDown()[pri:0, instance:SalesForce_Automation.SFDCTest@11531931]" name="TearDown" is-config="true" duration-ms="3642" started-at="2019-12-04T23:10:04Z" finished-at="2019-12-04T23:10:08Z">
          <reporter-output>
          </reporter-output>
        </test-method> <!-- TearDown -->
        <test-method status="PASS" signature="setForChromeDriverLaunchBrowser()[pri:0, instance:SalesForce_Automation.SFDCTest@11531931]" name="setForChromeDriverLaunchBrowser" is-config="true" duration-ms="77468" started-at="2019-12-04T23:10:08Z" finished-at="2019-12-04T23:11:25Z">
          <reporter-output>
          </reporter-output>
        </test-method> <!-- setForChromeDriverLaunchBrowser -->
        <test-method status="FAIL" signature="TC03_Check_RemeberMe()[pri:0, instance:SalesForce_Automation.SFDCTest@11531931]" name="TC03_Check_RemeberMe" duration-ms="50056" started-at="2019-12-04T23:11:25Z" finished-at="2019-12-04T23:12:15Z">
          <exception class="org.openqa.selenium.NoSuchElementException">
            <message>
              <![CDATA[no such element: Unable to locate element: {"method":"xpath","selector":"//input[@name ='username']"}
  (Session info: chrome=78.0.3904.108)
For documentation on this error, please visit: https://www.seleniumhq.org/exceptions/no_such_element.html
Build info: version: '3.141.59', revision: 'e82be7d358', time: '2018-11-14T08:17:03'
System info: host: 'LAPTOP-KEMK2J5E', ip: '10.0.0.116', os.name: 'Windows 10', os.arch: 'amd64', os.version: '10.0', java.version: '1.8.0_221'
Driver info: org.openqa.selenium.chrome.ChromeDriver
Capabilities {acceptInsecureCerts: false, browserName: chrome, browserVersion: 78.0.3904.108, chrome: {chromedriverVersion: 77.0.3865.40 (f484704e052e0..., userDataDir: C:\Users\abhis\AppData\Loca...}, goog:chromeOptions: {debuggerAddress: localhost:62861}, javascriptEnabled: true, networkConnectionEnabled: false, pageLoadStrategy: normal, platform: XP, platformName: XP, proxy: Proxy(), setWindowRect: true, strictFileInteractability: false, timeouts: {implicit: 0, pageLoad: 300000, script: 30000}, unhandledPromptBehavior: dismiss and notify}
Session ID: 9240a2af187ce280f9dbf81a8e99d8fd
*** Element info: {Using=xpath, value=//input[@name ='username']}]]>
            </message>
            <full-stacktrace>
              <![CDATA[org.openqa.selenium.NoSuchElementException: no such element: Unable to locate element: {"method":"xpath","selector":"//input[@name ='username']"}
  (Session info: chrome=78.0.3904.108)
For documentation on this error, please visit: https://www.seleniumhq.org/exceptions/no_such_element.html
Build info: version: '3.141.59', revision: 'e82be7d358', time: '2018-11-14T08:17:03'
System info: host: 'LAPTOP-KEMK2J5E', ip: '10.0.0.116', os.name: 'Windows 10', os.arch: 'amd64', os.version: '10.0', java.version: '1.8.0_221'
Driver info: org.openqa.selenium.chrome.ChromeDriver
Capabilities {acceptInsecureCerts: false, browserName: chrome, browserVersion: 78.0.3904.108, chrome: {chromedriverVersion: 77.0.3865.40 (f484704e052e0..., userDataDir: C:\Users\abhis\AppData\Loca...}, goog:chromeOptions: {debuggerAddress: localhost:62861}, javascriptEnabled: true, networkConnectionEnabled: false, pageLoadStrategy: normal, platform: XP, platformName: XP, proxy: Proxy(), setWindowRect: true, strictFileInteractability: false, timeouts: {implicit: 0, pageLoad: 300000, script: 30000}, unhandledPromptBehavior: dismiss and notify}
Session ID: 9240a2af187ce280f9dbf81a8e99d8fd
*** Element info: {Using=xpath, value=//input[@name ='username']}
	at sun.reflect.NativeConstructorAccessorImpl.newInstance0(Native Method)
	at sun.reflect.NativeConstructorAccessorImpl.newInstance(Unknown Source)
	at sun.reflect.DelegatingConstructorAccessorImpl.newInstance(Unknown Source)
	at java.lang.reflect.Constructor.newInstance(Unknown Source)
	at org.openqa.selenium.remote.http.W3CHttpResponseCodec.createException(W3CHttpResponseCodec.java:187)
	at org.openqa.selenium.remote.http.W3CHttpResponseCodec.decode(W3CHttpResponseCodec.java:122)
	at org.openqa.selenium.remote.http.W3CHttpResponseCodec.decode(W3CHttpResponseCodec.java:49)
	at org.openqa.selenium.remote.HttpCommandExecutor.execute(HttpCommandExecutor.java:158)
	at org.openqa.selenium.remote.service.DriverCommandExecutor.execute(DriverCommandExecutor.java:83)
	at org.openqa.selenium.remote.RemoteWebDriver.execute(RemoteWebDriver.java:552)
	at org.openqa.selenium.remote.RemoteWebDriver.findElement(RemoteWebDriver.java:323)
	at org.openqa.selenium.remote.RemoteWebDriver.findElementByXPath(RemoteWebDriver.java:428)
	at org.openqa.selenium.By$ByXPath.findElement(By.java:353)
	at org.openqa.selenium.remote.RemoteWebDriver.findElement(RemoteWebDriver.java:315)
	at SalesForce_Automation.SFDCTest.TC03_Check_RemeberMe(SFDCTest.java:198)
	at sun.reflect.NativeMethodAccessorImpl.invoke0(Native Method)
	at sun.reflect.NativeMethodAccessorImpl.invoke(Unknown Source)
	at sun.reflect.DelegatingMethodAccessorImpl.invoke(Unknown Source)
	at java.lang.reflect.Method.invoke(Unknown Source)
	at org.testng.internal.MethodInvocationHelper.invokeMethod(MethodInvocationHelper.java:86)
	at org.testng.internal.Invoker.invokeMethod(Invoker.java:645)
	at org.testng.internal.Invoker.invokeTestMethod(Invoker.java:822)
	at org.testng.internal.Invoker.invokeTestMethods(Invoker.java:1130)
	at org.testng.internal.TestMethodWorker.invokeTestMethods(TestMethodWorker.java:129)
	at org.testng.internal.TestMethodWorker.run(TestMethodWorker.java:112)
	at org.testng.TestRunner.privateRun(TestRunner.java:782)
	at org.testng.TestRunner.run(TestRunner.java:632)
	at org.testng.SuiteRunner.runTest(SuiteRunner.java:366)
	at org.testng.SuiteRunner.runSequentially(SuiteRunner.java:361)
	at org.testng.SuiteRunner.privateRun(SuiteRunner.java:319)
	at org.testng.SuiteRunner.run(SuiteRunner.java:268)
	at org.testng.SuiteRunnerWorker.runSuite(SuiteRunnerWorker.java:52)
	at org.testng.SuiteRunnerWorker.run(SuiteRunnerWorker.java:86)
	at org.testng.TestNG.runSuitesSequentially(TestNG.java:1244)
	at org.testng.TestNG.runSuitesLocally(TestNG.java:1169)
	at org.testng.TestNG.run(TestNG.java:1064)
	at org.testng.remote.RemoteTestNG.run(RemoteTestNG.java:113)
	at org.testng.remote.RemoteTestNG.initAndRun(RemoteTestNG.java:206)
	at org.testng.remote.RemoteTestNG.main(RemoteTestNG.java:177)
]]>
            </full-stacktrace>
          </exception> <!-- org.openqa.selenium.NoSuchElementException -->
          <reporter-output>
          </reporter-output>
        </test-method> <!-- TC03_Check_RemeberMe -->
        <test-method status="PASS" signature="TearDown()[pri:0, instance:SalesForce_Automation.SFDCTest@11531931]" name="TearDown" is-config="true" duration-ms="3625" started-at="2019-12-04T23:12:15Z" finished-at="2019-12-04T23:12:19Z">
          <reporter-output>
          </reporter-output>
        </test-method> <!-- TearDown -->
        <test-method status="PASS" signature="setForChromeDriverLaunchBrowser()[pri:0, instance:SalesForce_Automation.SFDCTest@11531931]" name="setForChromeDriverLaunchBrowser" is-config="true" duration-ms="36098" started-at="2019-12-04T23:12:19Z" finished-at="2019-12-04T23:12:55Z">
          <reporter-output>
          </reporter-output>
        </test-method> <!-- setForChromeDriverLaunchBrowser -->
        <test-method status="FAIL" signature="TC04A_Forgot_Password()[pri:0, instance:SalesForce_Automation.SFDCTest@11531931]" name="TC04A_Forgot_Password" duration-ms="50909" started-at="2019-12-04T23:12:55Z" finished-at="2019-12-04T23:13:46Z">
          <exception class="org.openqa.selenium.NoSuchElementException">
            <message>
              <![CDATA[no such element: Unable to locate element: {"method":"xpath","selector":"//p[contains(text(), 'We�ve sent you an email ')]"}
  (Session info: chrome=78.0.3904.108)
For documentation on this error, please visit: https://www.seleniumhq.org/exceptions/no_such_element.html
Build info: version: '3.141.59', revision: 'e82be7d358', time: '2018-11-14T08:17:03'
System info: host: 'LAPTOP-KEMK2J5E', ip: '10.0.0.116', os.name: 'Windows 10', os.arch: 'amd64', os.version: '10.0', java.version: '1.8.0_221'
Driver info: org.openqa.selenium.chrome.ChromeDriver
Capabilities {acceptInsecureCerts: false, browserName: chrome, browserVersion: 78.0.3904.108, chrome: {chromedriverVersion: 77.0.3865.40 (f484704e052e0..., userDataDir: C:\Users\abhis\AppData\Loca...}, goog:chromeOptions: {debuggerAddress: localhost:62891}, javascriptEnabled: true, networkConnectionEnabled: false, pageLoadStrategy: normal, platform: XP, platformName: XP, proxy: Proxy(), setWindowRect: true, strictFileInteractability: false, timeouts: {implicit: 0, pageLoad: 300000, script: 30000}, unhandledPromptBehavior: dismiss and notify}
Session ID: ed4174b23b4877911b766b4228c23848
*** Element info: {Using=xpath, value=//p[contains(text(), 'We�ve sent you an email ')]}]]>
            </message>
            <full-stacktrace>
              <![CDATA[org.openqa.selenium.NoSuchElementException: no such element: Unable to locate element: {"method":"xpath","selector":"//p[contains(text(), 'We�ve sent you an email ')]"}
  (Session info: chrome=78.0.3904.108)
For documentation on this error, please visit: https://www.seleniumhq.org/exceptions/no_such_element.html
Build info: version: '3.141.59', revision: 'e82be7d358', time: '2018-11-14T08:17:03'
System info: host: 'LAPTOP-KEMK2J5E', ip: '10.0.0.116', os.name: 'Windows 10', os.arch: 'amd64', os.version: '10.0', java.version: '1.8.0_221'
Driver info: org.openqa.selenium.chrome.ChromeDriver
Capabilities {acceptInsecureCerts: false, browserName: chrome, browserVersion: 78.0.3904.108, chrome: {chromedriverVersion: 77.0.3865.40 (f484704e052e0..., userDataDir: C:\Users\abhis\AppData\Loca...}, goog:chromeOptions: {debuggerAddress: localhost:62891}, javascriptEnabled: true, networkConnectionEnabled: false, pageLoadStrategy: normal, platform: XP, platformName: XP, proxy: Proxy(), setWindowRect: true, strictFileInteractability: false, timeouts: {implicit: 0, pageLoad: 300000, script: 30000}, unhandledPromptBehavior: dismiss and notify}
Session ID: ed4174b23b4877911b766b4228c23848
*** Element info: {Using=xpath, value=//p[contains(text(), 'We�ve sent you an email ')]}
	at sun.reflect.NativeConstructorAccessorImpl.newInstance0(Native Method)
	at sun.reflect.NativeConstructorAccessorImpl.newInstance(Unknown Source)
	at sun.reflect.DelegatingConstructorAccessorImpl.newInstance(Unknown Source)
	at java.lang.reflect.Constructor.newInstance(Unknown Source)
	at org.openqa.selenium.remote.http.W3CHttpResponseCodec.createException(W3CHttpResponseCodec.java:187)
	at org.openqa.selenium.remote.http.W3CHttpResponseCodec.decode(W3CHttpResponseCodec.java:122)
	at org.openqa.selenium.remote.http.W3CHttpResponseCodec.decode(W3CHttpResponseCodec.java:49)
	at org.openqa.selenium.remote.HttpCommandExecutor.execute(HttpCommandExecutor.java:158)
	at org.openqa.selenium.remote.service.DriverCommandExecutor.execute(DriverCommandExecutor.java:83)
	at org.openqa.selenium.remote.RemoteWebDriver.execute(RemoteWebDriver.java:552)
	at org.openqa.selenium.remote.RemoteWebDriver.findElement(RemoteWebDriver.java:323)
	at org.openqa.selenium.remote.RemoteWebDriver.findElementByXPath(RemoteWebDriver.java:428)
	at org.openqa.selenium.By$ByXPath.findElement(By.java:353)
	at org.openqa.selenium.remote.RemoteWebDriver.findElement(RemoteWebDriver.java:315)
	at SalesForce_Automation.SFDCTest.TC04A_Forgot_Password(SFDCTest.java:251)
	at sun.reflect.NativeMethodAccessorImpl.invoke0(Native Method)
	at sun.reflect.NativeMethodAccessorImpl.invoke(Unknown Source)
	at sun.reflect.DelegatingMethodAccessorImpl.invoke(Unknown Source)
	at java.lang.reflect.Method.invoke(Unknown Source)
	at org.testng.internal.MethodInvocationHelper.invokeMethod(MethodInvocationHelper.java:86)
	at org.testng.internal.Invoker.invokeMethod(Invoker.java:645)
	at org.testng.internal.Invoker.invokeTestMethod(Invoker.java:822)
	at org.testng.internal.Invoker.invokeTestMethods(Invoker.java:1130)
	at org.testng.internal.TestMethodWorker.invokeTestMethods(TestMethodWorker.java:129)
	at org.testng.internal.TestMethodWorker.run(TestMethodWorker.java:112)
	at org.testng.TestRunner.privateRun(TestRunner.java:782)
	at org.testng.TestRunner.run(TestRunner.java:632)
	at org.testng.SuiteRunner.runTest(SuiteRunner.java:366)
	at org.testng.SuiteRunner.runSequentially(SuiteRunner.java:361)
	at org.testng.SuiteRunner.privateRun(SuiteRunner.java:319)
	at org.testng.SuiteRunner.run(SuiteRunner.java:268)
	at org.testng.SuiteRunnerWorker.runSuite(SuiteRunnerWorker.java:52)
	at org.testng.SuiteRunnerWorker.run(SuiteRunnerWorker.java:86)
	at org.testng.TestNG.runSuitesSequentially(TestNG.java:1244)
	at org.testng.TestNG.runSuitesLocally(TestNG.java:1169)
	at org.testng.TestNG.run(TestNG.java:1064)
	at org.testng.remote.RemoteTestNG.run(RemoteTestNG.java:113)
	at org.testng.remote.RemoteTestNG.initAndRun(RemoteTestNG.java:206)
	at org.testng.remote.RemoteTestNG.main(RemoteTestNG.java:177)
]]>
            </full-stacktrace>
          </exception> <!-- org.openqa.selenium.NoSuchElementException -->
          <reporter-output>
          </reporter-output>
        </test-method> <!-- TC04A_Forgot_Password -->
        <test-method status="PASS" signature="TearDown()[pri:0, instance:SalesForce_Automation.SFDCTest@11531931]" name="TearDown" is-config="true" duration-ms="3661" started-at="2019-12-04T23:13:46Z" finished-at="2019-12-04T23:13:50Z">
          <reporter-output>
          </reporter-output>
        </test-method> <!-- TearDown -->
        <test-method status="PASS" signature="setForChromeDriverLaunchBrowser()[pri:0, instance:SalesForce_Automation.SFDCTest@11531931]" name="setForChromeDriverLaunchBrowser" is-config="true" duration-ms="36251" started-at="2019-12-04T23:13:50Z" finished-at="2019-12-04T23:14:26Z">
          <reporter-output>
          </reporter-output>
        </test-method> <!-- setForChromeDriverLaunchBrowser -->
        <test-method status="PASS" signature="TC04B_Forgot_Password()[pri:0, instance:SalesForce_Automation.SFDCTest@11531931]" name="TC04B_Forgot_Password" duration-ms="522" started-at="2019-12-04T23:14:26Z" finished-at="2019-12-04T23:14:26Z">
          <reporter-output>
          </reporter-output>
        </test-method> <!-- TC04B_Forgot_Password -->
        <test-method status="PASS" signature="TearDown()[pri:0, instance:SalesForce_Automation.SFDCTest@11531931]" name="TearDown" is-config="true" duration-ms="3636" started-at="2019-12-04T23:14:26Z" finished-at="2019-12-04T23:14:30Z">
          <reporter-output>
          </reporter-output>
        </test-method> <!-- TearDown -->
        <test-method status="PASS" signature="Report_close()[pri:0, instance:SalesForce_Automation.SFDCTest@11531931]" name="Report_close" is-config="true" duration-ms="215" started-at="2019-12-04T23:14:30Z" finished-at="2019-12-04T23:14:30Z">
          <reporter-output>
          </reporter-output>
        </test-method> <!-- Report_close -->
      </class> <!-- SalesForce_Automation.SFDCTest -->
    </test> <!-- Default test -->
  </suite> <!-- Default suite -->
</testng-results>
